<?xml version="1.0" encoding="UTF-8"?>
<robot generator="Robot 4.1.3 (Python 3.10.1 on win32)" generated="20220104 14:59:34.737" rpa="false" schemaversion="2">
<suite id="s1" name="Main" source="D:\projetos\RobotExample\Tests\Elements\main.robot">
<test id="s1-t1" name="Should Validate Text Box">
<kw name="Access Page" library="global" type="SETUP">
<kw name="Open Browser" library="SeleniumLibrary">
<arg>url=${BASE_URL}</arg>
<arg>browser=${BROWSER}</arg>
<doc>Opens a new browser instance to the optional ``url``.</doc>
<msg timestamp="20220104 14:59:35.009" level="INFO">Opening browser 'chrome' to base url 'https://demoqa.com'.</msg>
<status status="PASS" starttime="20220104 14:59:35.008" endtime="20220104 14:59:41.389"/>
</kw>
<status status="PASS" starttime="20220104 14:59:35.008" endtime="20220104 14:59:41.389"/>
</kw>
<kw name="Access Text Box" library="resource">
<kw name="Wait Until Element Is Visible" library="SeleniumLibrary">
<arg>${BTN_HOME_ELEMENT}</arg>
<doc>Waits until the element ``locator`` is visible.</doc>
<status status="PASS" starttime="20220104 14:59:41.390" endtime="20220104 14:59:41.419"/>
</kw>
<kw name="Click Element" library="SeleniumLibrary">
<arg>${BTN_HOME_ELEMENT}</arg>
<doc>Click the element identified by ``locator``.</doc>
<msg timestamp="20220104 14:59:41.419" level="INFO">Clicking element 'css=#app div div div.home-body div div:nth-child(1) div'.</msg>
<status status="PASS" starttime="20220104 14:59:41.419" endtime="20220104 14:59:41.486"/>
</kw>
<kw name="Wait Until Element Is Visible" library="SeleniumLibrary">
<arg>${BTN_TEXT_BOX}</arg>
<doc>Waits until the element ``locator`` is visible.</doc>
<status status="PASS" starttime="20220104 14:59:41.486" endtime="20220104 14:59:41.508"/>
</kw>
<kw name="Click Element" library="SeleniumLibrary">
<arg>${BTN_TEXT_BOX}</arg>
<doc>Click the element identified by ``locator``.</doc>
<msg timestamp="20220104 14:59:41.509" level="INFO">Clicking element 'id=item-0'.</msg>
<status status="PASS" starttime="20220104 14:59:41.508" endtime="20220104 14:59:41.560"/>
</kw>
<status status="PASS" starttime="20220104 14:59:41.390" endtime="20220104 14:59:41.560"/>
</kw>
<kw name="Fill in all fields" library="resource">
<kw name="Wait Until Element Is Visible" library="SeleniumLibrary">
<arg>${INPUT_USERNAME}</arg>
<doc>Waits until the element ``locator`` is visible.</doc>
<status status="PASS" starttime="20220104 14:59:41.561" endtime="20220104 14:59:41.582"/>
</kw>
<kw name="Input Text" library="SeleniumLibrary">
<arg>${INPUT_USERNAME}</arg>
<arg>Any Name</arg>
<doc>Types the given ``text`` into the text field identified by ``locator``.</doc>
<msg timestamp="20220104 14:59:41.583" level="INFO">Typing text 'Any Name' into text field 'id=userName'.</msg>
<status status="PASS" starttime="20220104 14:59:41.582" endtime="20220104 14:59:41.666"/>
</kw>
<kw name="Input Text" library="SeleniumLibrary">
<arg>${INPUT_EMAIL}</arg>
<arg>any_email@mail.com</arg>
<doc>Types the given ``text`` into the text field identified by ``locator``.</doc>
<msg timestamp="20220104 14:59:41.666" level="INFO">Typing text 'any_email@mail.com' into text field 'id=userEmail'.</msg>
<status status="PASS" starttime="20220104 14:59:41.666" endtime="20220104 14:59:41.792"/>
</kw>
<kw name="Input Text" library="SeleniumLibrary">
<arg>${INPUT_ADDRESS}</arg>
<arg>Any Address</arg>
<doc>Types the given ``text`` into the text field identified by ``locator``.</doc>
<msg timestamp="20220104 14:59:41.793" level="INFO">Typing text 'Any Address' into text field 'id=currentAddress'.</msg>
<status status="PASS" starttime="20220104 14:59:41.793" endtime="20220104 14:59:41.894"/>
</kw>
<kw name="Input Text" library="SeleniumLibrary">
<arg>${INPUT_PERMANENT_ADDRESS}</arg>
<arg>Any Permanent Address</arg>
<doc>Types the given ``text`` into the text field identified by ``locator``.</doc>
<msg timestamp="20220104 14:59:41.894" level="INFO">Typing text 'Any Permanent Address' into text field 'id=permanentAddress'.</msg>
<status status="PASS" starttime="20220104 14:59:41.894" endtime="20220104 14:59:41.996"/>
</kw>
<kw name="Scroll Element Into View" library="SeleniumLibrary">
<arg>${BTN_INTERACTIONS}</arg>
<doc>Scrolls the element identified by ``locator`` into view.</doc>
<status status="PASS" starttime="20220104 14:59:41.997" endtime="20220104 14:59:42.276"/>
</kw>
<kw name="Click Element At Coordinates" library="SeleniumLibrary">
<arg>${BTN_SUBMIT}</arg>
<arg>0</arg>
<arg>0</arg>
<doc>Click the element ``locator`` at ``xoffset/yoffset``.</doc>
<msg timestamp="20220104 14:59:42.277" level="INFO">Clicking element 'id=submit' at coordinates x=0, y=0.</msg>
<status status="PASS" starttime="20220104 14:59:42.277" endtime="20220104 14:59:42.823"/>
</kw>
<status status="PASS" starttime="20220104 14:59:41.560" endtime="20220104 14:59:42.824"/>
</kw>
<kw name="Validate Result" library="resource">
<kw name="Wait Until Element Is Visible" library="SeleniumLibrary">
<arg>${RESULT_NAME}</arg>
<doc>Waits until the element ``locator`` is visible.</doc>
<status status="PASS" starttime="20220104 14:59:42.824" endtime="20220104 14:59:42.847"/>
</kw>
<kw name="Element Should Contain" library="SeleniumLibrary">
<arg>${RESULT_NAME}</arg>
<arg>Any Name</arg>
<doc>Verifies that element ``locator`` contains text ``expected``.</doc>
<msg timestamp="20220104 14:59:42.863" level="INFO">Element 'id=name' contains text 'Any Name'.</msg>
<status status="PASS" starttime="20220104 14:59:42.847" endtime="20220104 14:59:42.864"/>
</kw>
<kw name="Element Should Contain" library="SeleniumLibrary">
<arg>${RESULT_EMAIL}</arg>
<arg>any_email@mail.com</arg>
<doc>Verifies that element ``locator`` contains text ``expected``.</doc>
<msg timestamp="20220104 14:59:42.882" level="INFO">Element 'id=email' contains text 'any_email@mail.com'.</msg>
<status status="PASS" starttime="20220104 14:59:42.864" endtime="20220104 14:59:42.882"/>
</kw>
<kw name="Element Should Contain" library="SeleniumLibrary">
<arg>${RESULT_ADDRESS}</arg>
<arg>Any Address</arg>
<doc>Verifies that element ``locator`` contains text ``expected``.</doc>
<msg timestamp="20220104 14:59:42.901" level="INFO">Element 'css=#output #currentAddress' contains text 'Any Address'.</msg>
<status status="PASS" starttime="20220104 14:59:42.883" endtime="20220104 14:59:42.901"/>
</kw>
<kw name="Element Should Contain" library="SeleniumLibrary">
<arg>${RESULT_PERMANENT_ADDRESS}</arg>
<arg>Any Permanent Address</arg>
<doc>Verifies that element ``locator`` contains text ``expected``.</doc>
<msg timestamp="20220104 14:59:42.920" level="INFO">Element 'css=#output #permanentAddress' contains text 'Any Permanent Address'.</msg>
<status status="PASS" starttime="20220104 14:59:42.902" endtime="20220104 14:59:42.920"/>
</kw>
<status status="PASS" starttime="20220104 14:59:42.824" endtime="20220104 14:59:42.920"/>
</kw>
<kw name="Close Chrome" library="global" type="TEARDOWN">
<kw name="Close Browser" library="SeleniumLibrary">
<doc>Closes the current browser.</doc>
<status status="PASS" starttime="20220104 14:59:42.921" endtime="20220104 14:59:45.104"/>
</kw>
<status status="PASS" starttime="20220104 14:59:42.921" endtime="20220104 14:59:45.104"/>
</kw>
<status status="PASS" starttime="20220104 14:59:35.007" endtime="20220104 14:59:45.104"/>
</test>
<status status="PASS" starttime="20220104 14:59:34.739" endtime="20220104 14:59:45.106"/>
</suite>
<statistics>
<total>
<stat pass="1" fail="0" skip="0">All Tests</stat>
</total>
<tag>
</tag>
<suite>
<stat pass="1" fail="0" skip="0" id="s1" name="Main">Main</stat>
</suite>
</statistics>
<errors>
</errors>
</robot>
